2017-04-05 19:31:37 INFO  Train - Generic European Train is travelling from the depot: Paris Station...
2017-04-05 19:31:37 INFO  ActiveStation - Passenger 1 carrying 0 kg embarking at Paris heading to London
2017-04-05 19:31:37 INFO  ActiveStation - Passenger 2 carrying 0 kg embarking at Paris heading to Budapest
2017-04-05 19:31:37 INFO  ActiveStation - Passenger 3 carrying 0 kg embarking at Paris heading to Berlin
2017-04-05 19:31:37 INFO  ActiveStation - Passenger 4 carrying 0 kg embarking at Paris heading to Amsterdam
2017-04-05 19:31:37 INFO  Train - Generic European Train is in Paris Station.
2017-04-05 19:31:37 INFO  Train - Vlad the Impalator is travelling from the depot: Bucharest Station...
2017-04-05 19:31:37 INFO  ActiveStation - Passenger 5 carrying 0 kg embarking at Bucharest heading to Budapest
2017-04-05 19:31:37 INFO  ActiveStation - Passenger 6 carrying 0 kg embarking at Bucharest heading to Vienna
2017-04-05 19:31:37 INFO  Train - Vlad the Impalator is in Bucharest Station.
2017-04-05 19:31:37 INFO  Train - Thomas the Tank Engine is travelling from the depot: Glasgow Station...
2017-04-05 19:31:37 INFO  ActiveStation - Passenger 7 carrying 36 kg embarking at Glasgow heading to London
2017-04-05 19:31:37 INFO  ActiveStation - Passenger 8 carrying 0 kg embarking at Glasgow heading to Manchester
2017-04-05 19:31:37 INFO  Train - Thomas the Tank Engine is in Glasgow Station.
2017-04-05 19:31:37 INFO  Train - Generic European Train is in Paris Station.
2017-04-05 19:31:37 INFO  Train - Vlad the Impalator is in Bucharest Station.
2017-04-05 19:31:37 INFO  Train - Thomas the Tank Engine is in Glasgow Station.
2017-04-05 19:31:39 INFO  Train - Generic European Train is ready to depart for Paris Station!
2017-04-05 19:31:39 INFO  Train - Vlad the Impalator is ready to depart for Bucharest Station!
2017-04-05 19:31:39 INFO  Train - Thomas the Tank Engine is ready to depart for Glasgow Station!
2017-04-05 19:31:39 INFO  Train - Generic European Train enroute to London Station!
2017-04-05 19:31:39 INFO  Train - Vlad the Impalator enroute to Budapest Station!
2017-04-05 19:31:39 INFO  Train - Thomas the Tank Engine enroute to Manchester Station!
2017-04-05 19:31:40 INFO  Train - Generic European Train is awaiting entry London Station..!
2017-04-05 19:31:40 INFO  ActiveStation - Passenger 9 carrying 0 kg embarking at London heading to Manchester
2017-04-05 19:31:40 INFO  ActiveStation - Passenger 10 carrying 0 kg embarking at London heading to Berlin
2017-04-05 19:31:40 INFO  ActiveStation - Passenger 11 carrying 0 kg embarking at London heading to Paris
2017-04-05 19:31:40 INFO  Train - Generic European Train is in London Station.
2017-04-05 19:31:40 INFO  Train - Passenger 1 is disembarking at London
2017-04-05 19:31:40 INFO  Train - Vlad the Impalator is awaiting entry Budapest Station..!
2017-04-05 19:31:40 INFO  ActiveStation - Passenger 12 carrying 0 kg embarking at Budapest heading to Bucharest
2017-04-05 19:31:40 INFO  ActiveStation - Passenger 13 carrying 0 kg embarking at Budapest heading to Bucharest
2017-04-05 19:31:40 INFO  ActiveStation - Passenger 14 carrying 0 kg embarking at Budapest heading to Vienna
2017-04-05 19:31:40 INFO  ActiveStation - Passenger 15 carrying 0 kg embarking at Budapest heading to Bucharest
2017-04-05 19:31:40 INFO  Train - Thomas the Tank Engine is awaiting entry Manchester Station..!
2017-04-05 19:31:40 INFO  ActiveStation - Passenger 16 carrying 0 kg embarking at Manchester heading to London
2017-04-05 19:31:40 INFO  ActiveStation - Passenger 17 carrying 0 kg embarking at Manchester heading to Glasgow
2017-04-05 19:31:40 INFO  ActiveStation - Passenger 18 carrying 0 kg embarking at Manchester heading to Glasgow
2017-04-05 19:31:40 INFO  ActiveStation - Passenger 19 carrying 0 kg embarking at Manchester heading to Glasgow
2017-04-05 19:31:40 INFO  Train - Vlad the Impalator is in Budapest Station.
2017-04-05 19:31:40 INFO  Train - Passenger 5 is disembarking at Budapest
2017-04-05 19:31:40 INFO  Train - Thomas the Tank Engine is in Manchester Station.
2017-04-05 19:31:40 INFO  Train - Passenger 8 is disembarking at Manchester
2017-04-05 19:31:42 INFO  Train - Generic European Train is ready to depart for London Station!
2017-04-05 19:31:42 INFO  Train - Generic European Train enroute to Amsterdam Station!
2017-04-05 19:31:42 INFO  Train - Vlad the Impalator is ready to depart for Budapest Station!
2017-04-05 19:31:42 INFO  Train - Thomas the Tank Engine is ready to depart for Manchester Station!
2017-04-05 19:31:42 INFO  Train - Vlad the Impalator enroute to Vienna Station!
2017-04-05 19:31:42 INFO  Train - Thomas the Tank Engine enroute to London Station!
2017-04-06 07:49:18 INFO  Train - Generic European Train is travelling from the depot: Paris Station...
2017-04-06 07:49:18 INFO  ActiveStation - Passenger 1 carrying 0 kg embarking at Paris heading to London
2017-04-06 07:49:18 INFO  ActiveStation - Passenger 2 carrying 0 kg embarking at Paris heading to Budapest
2017-04-06 07:49:18 INFO  ActiveStation - Passenger 3 carrying 0 kg embarking at Paris heading to Berlin
2017-04-06 07:49:18 INFO  ActiveStation - Passenger 4 carrying 0 kg embarking at Paris heading to Amsterdam
2017-04-06 07:49:18 INFO  Train - Generic European Train is in Paris Station.
2017-04-06 07:49:18 INFO  Train - Vlad the Impalator is travelling from the depot: Bucharest Station...
2017-04-06 07:49:18 INFO  ActiveStation - Passenger 5 carrying 0 kg embarking at Bucharest heading to Budapest
2017-04-06 07:49:18 INFO  ActiveStation - Passenger 6 carrying 0 kg embarking at Bucharest heading to Vienna
2017-04-06 07:49:18 INFO  Train - Vlad the Impalator is in Bucharest Station.
2017-04-06 07:49:18 INFO  Train - Thomas the Tank Engine is travelling from the depot: Glasgow Station...
2017-04-06 07:49:18 INFO  ActiveStation - Passenger 7 carrying 36 kg embarking at Glasgow heading to London
2017-04-06 07:49:18 INFO  ActiveStation - Passenger 8 carrying 0 kg embarking at Glasgow heading to Manchester
2017-04-06 07:49:18 INFO  Train - Thomas the Tank Engine is in Glasgow Station.
2017-04-06 07:49:18 INFO  Train - Generic European Train is in Paris Station.
2017-04-06 07:49:18 INFO  Train - Vlad the Impalator is in Bucharest Station.
2017-04-06 07:49:18 INFO  Train - Thomas the Tank Engine is in Glasgow Station.
2017-04-06 07:49:20 INFO  Train - Generic European Train is ready to depart for Paris Station!
2017-04-06 07:49:20 INFO  Train - Vlad the Impalator is ready to depart for Bucharest Station!
2017-04-06 07:49:20 INFO  Train - Thomas the Tank Engine is ready to depart for Glasgow Station!
2017-04-06 07:49:20 INFO  Train - Generic European Train enroute to London Station!
2017-04-06 07:49:21 INFO  Train - Vlad the Impalator enroute to Budapest Station!
2017-04-06 07:49:21 INFO  Train - Thomas the Tank Engine enroute to Manchester Station!
2017-04-06 07:49:21 INFO  Train - Generic European Train is awaiting entry London Station..!
2017-04-06 07:49:21 INFO  ActiveStation - Passenger 9 carrying 0 kg embarking at London heading to Manchester
2017-04-06 07:49:21 INFO  ActiveStation - Passenger 10 carrying 0 kg embarking at London heading to Berlin
2017-04-06 07:49:21 INFO  ActiveStation - Passenger 11 carrying 0 kg embarking at London heading to Paris
2017-04-06 07:49:21 INFO  Train - Generic European Train is in London Station.
2017-04-06 07:49:21 INFO  Train - Passenger 1 is disembarking at London
2017-04-06 07:49:22 INFO  Train - Vlad the Impalator is awaiting entry Budapest Station..!
2017-04-06 07:49:22 INFO  ActiveStation - Passenger 12 carrying 0 kg embarking at Budapest heading to Bucharest
2017-04-06 07:49:22 INFO  ActiveStation - Passenger 13 carrying 0 kg embarking at Budapest heading to Bucharest
2017-04-06 07:49:22 INFO  ActiveStation - Passenger 14 carrying 0 kg embarking at Budapest heading to Vienna
2017-04-06 07:49:22 INFO  ActiveStation - Passenger 15 carrying 0 kg embarking at Budapest heading to Bucharest
2017-04-06 07:49:22 INFO  Train - Thomas the Tank Engine is awaiting entry Manchester Station..!
2017-04-06 07:49:22 INFO  ActiveStation - Passenger 16 carrying 0 kg embarking at Manchester heading to London
2017-04-06 07:49:22 INFO  ActiveStation - Passenger 17 carrying 0 kg embarking at Manchester heading to Glasgow
2017-04-06 07:49:22 INFO  ActiveStation - Passenger 18 carrying 0 kg embarking at Manchester heading to Glasgow
2017-04-06 07:49:22 INFO  ActiveStation - Passenger 19 carrying 0 kg embarking at Manchester heading to Glasgow
2017-04-06 07:49:22 INFO  Train - Vlad the Impalator is in Budapest Station.
2017-04-06 07:49:22 INFO  Train - Passenger 5 is disembarking at Budapest
2017-04-06 07:49:22 INFO  Train - Thomas the Tank Engine is in Manchester Station.
2017-04-06 07:49:22 INFO  Train - Passenger 8 is disembarking at Manchester
2017-04-06 07:49:23 INFO  Train - Generic European Train is ready to depart for London Station!
2017-04-06 07:49:23 INFO  Train - Generic European Train enroute to Amsterdam Station!
2017-04-06 07:49:24 INFO  Train - Vlad the Impalator is ready to depart for Budapest Station!
2017-04-06 07:49:24 INFO  Train - Thomas the Tank Engine is ready to depart for Manchester Station!
2017-04-06 07:49:24 INFO  Train - Vlad the Impalator enroute to Vienna Station!
2017-04-06 07:49:24 INFO  Train - Thomas the Tank Engine enroute to London Station!
2017-04-06 07:49:25 INFO  Train - Generic European Train is awaiting entry Amsterdam Station..!
2017-04-06 07:49:25 INFO  ActiveStation - Passenger 20 carrying 0 kg embarking at Amsterdam heading to London
2017-04-06 07:49:25 INFO  Train - Generic European Train is in Amsterdam Station.
2017-04-06 07:49:25 INFO  Train - Passenger 4 is disembarking at Amsterdam
2017-04-06 07:49:25 INFO  Train - Thomas the Tank Engine is awaiting entry London Station..!
2017-04-06 07:49:25 INFO  ActiveStation - Passenger 21 carrying 0 kg embarking at London heading to Manchester
2017-04-06 07:49:25 INFO  ActiveStation - Passenger 22 carrying 0 kg embarking at London heading to Amsterdam
2017-04-06 07:49:25 INFO  ActiveStation - Passenger 23 carrying 0 kg embarking at London heading to Manchester
2017-04-06 07:49:25 INFO  Train - Thomas the Tank Engine is in London Station.
2017-04-06 07:49:25 INFO  Train - Passenger 7 is disembarking at London
2017-04-06 07:49:25 INFO  Train - Passenger 16 is disembarking at London
2017-04-06 07:49:25 INFO  Train - Vlad the Impalator is awaiting entry Vienna Station..!
2017-04-06 07:49:25 INFO  ActiveStation - Passenger 24 carrying 0 kg embarking at Vienna heading to Budapest
2017-04-06 07:49:25 INFO  ActiveStation - Passenger 25 carrying 0 kg embarking at Vienna heading to Berlin
2017-04-06 07:49:25 INFO  Train - Vlad the Impalator is in Vienna Station.
2017-04-06 07:49:25 INFO  Train - Passenger 6 is disembarking at Vienna
2017-04-06 07:49:25 INFO  Train - Passenger 14 is disembarking at Vienna
2017-04-06 07:49:27 INFO  Train - Generic European Train is ready to depart for Amsterdam Station!
2017-04-06 07:49:27 INFO  Train - Generic European Train enroute to Berlin Station!
2017-04-06 07:49:27 INFO  Train - Thomas the Tank Engine is ready to depart for London Station!
2017-04-06 07:49:27 INFO  Train - Thomas the Tank Engine enroute to Manchester Station!
2017-04-06 07:49:27 INFO  Train - Vlad the Impalator is ready to depart for Vienna Station!
2017-04-06 07:49:27 INFO  Train - Vlad the Impalator enroute to Berlin Station!
2017-04-06 07:49:28 INFO  Train - Generic European Train is awaiting entry Berlin Station..!
2017-04-06 07:49:28 INFO  ActiveStation - Passenger 26 carrying 0 kg embarking at Berlin heading to Bucharest
2017-04-06 07:49:28 INFO  ActiveStation - Passenger 27 carrying 0 kg embarking at Berlin heading to Budapest
2017-04-06 07:49:28 INFO  ActiveStation - Passenger 28 carrying 0 kg embarking at Berlin heading to Budapest
2017-04-06 07:49:28 INFO  Train - Generic European Train is in Berlin Station.
2017-04-06 07:49:28 INFO  Train - Passenger 3 is disembarking at Berlin
2017-04-06 07:49:28 INFO  Train - Passenger 10 is disembarking at Berlin
2017-04-06 07:49:28 INFO  Train - Thomas the Tank Engine is awaiting entry Manchester Station..!
2017-04-06 07:49:28 INFO  ActiveStation - Passenger 29 carrying 0 kg embarking at Manchester heading to Glasgow
2017-04-06 07:49:28 INFO  ActiveStation - Passenger 30 carrying 0 kg embarking at Manchester heading to Glasgow
2017-04-06 07:49:28 INFO  ActiveStation - Passenger 31 carrying 0 kg embarking at Manchester heading to London
2017-04-06 07:49:28 INFO  Train - Thomas the Tank Engine is in Manchester Station.
2017-04-06 07:49:28 INFO  Train - Passenger 21 is disembarking at Manchester
2017-04-06 07:49:28 INFO  Train - Passenger 23 is disembarking at Manchester
2017-04-06 07:49:28 INFO  Train - Vlad the Impalator is awaiting entry Berlin Station..!
2017-04-06 07:49:28 INFO  ActiveStation - Passenger 32 carrying 0 kg embarking at Berlin heading to Paris
2017-04-06 07:49:28 INFO  ActiveStation - Passenger 33 carrying 0 kg embarking at Berlin heading to London
2017-04-06 07:49:28 INFO  ActiveStation - Passenger 34 carrying 0 kg embarking at Berlin heading to Bucharest
2017-04-06 07:49:28 INFO  Train - Vlad the Impalator is in Berlin Station.
2017-04-06 07:49:28 INFO  Train - Passenger 25 is disembarking at Berlin
2017-04-06 07:49:30 INFO  Train - Generic European Train is ready to depart for Berlin Station!
2017-04-06 07:49:30 INFO  Train - Generic European Train enroute to Amsterdam Station!
2017-04-06 07:49:30 INFO  Train - Thomas the Tank Engine is ready to depart for Manchester Station!
2017-04-06 07:49:30 INFO  Train - Thomas the Tank Engine enroute to Glasgow Station!
2017-04-06 07:49:30 INFO  Train - Vlad the Impalator is ready to depart for Berlin Station!
2017-04-06 07:49:30 INFO  Train - Vlad the Impalator enroute to Paris Station!
2017-04-06 07:49:30 INFO  Train - Generic European Train is awaiting entry Amsterdam Station..!
2017-04-06 07:49:30 INFO  ActiveStation - Passenger 35 carrying 0 kg embarking at Amsterdam heading to Paris
2017-04-06 07:49:30 INFO  ActiveStation - Passenger 36 carrying 0 kg embarking at Amsterdam heading to London
2017-04-06 07:49:30 INFO  ActiveStation - Passenger 37 carrying 0 kg embarking at Amsterdam heading to Berlin
2017-04-06 07:49:30 INFO  ActiveStation - Passenger 38 carrying 0 kg embarking at Amsterdam heading to London
2017-04-06 07:49:30 INFO  Train - Generic European Train is in Amsterdam Station.
2017-04-06 07:49:31 INFO  Train - Thomas the Tank Engine is awaiting entry Glasgow Station..!
2017-04-06 07:49:31 INFO  ActiveStation - Passenger 39 carrying 0 kg embarking at Glasgow heading to Manchester
2017-04-06 07:49:31 INFO  Train - Thomas the Tank Engine is in Glasgow Station.
2017-04-06 07:49:31 INFO  Train - Passenger 17 is disembarking at Glasgow
2017-04-06 07:49:31 INFO  Train - Passenger 18 is disembarking at Glasgow
2017-04-06 07:49:31 INFO  Train - Passenger 19 is disembarking at Glasgow
2017-04-06 07:49:31 INFO  Train - Passenger 29 is disembarking at Glasgow
2017-04-06 07:49:31 INFO  Train - Passenger 30 is disembarking at Glasgow
2017-04-06 07:49:31 INFO  Train - Vlad the Impalator is awaiting entry Paris Station..!
2017-04-06 07:49:31 INFO  ActiveStation - Passenger 40 carrying 0 kg embarking at Paris heading to Amsterdam
2017-04-06 07:49:31 INFO  ActiveStation - Passenger 41 carrying 0 kg embarking at Paris heading to Vienna
2017-04-06 07:49:31 INFO  ActiveStation - Passenger 42 carrying 0 kg embarking at Paris heading to London
2017-04-06 07:49:31 INFO  Train - Vlad the Impalator is in Paris Station.
2017-04-06 07:49:31 INFO  Train - Passenger 32 is disembarking at Paris
2017-04-06 07:49:32 INFO  Train - Generic European Train is ready to depart for Amsterdam Station!
2017-04-06 07:49:32 INFO  Train - Generic European Train enroute to London Station!
2017-04-06 07:49:33 INFO  Train - Thomas the Tank Engine is ready to depart for Glasgow Station!
2017-04-06 07:49:33 INFO  Train - Thomas the Tank Engine enroute to Manchester Station!
2017-04-06 07:49:33 INFO  Train - Vlad the Impalator is ready to depart for Paris Station!
2017-04-06 07:49:33 INFO  Train - Vlad the Impalator enroute to Berlin Station!
2017-04-06 07:49:34 INFO  Train - Generic European Train is awaiting entry London Station..!
2017-04-06 07:49:34 INFO  ActiveStation - Passenger 43 carrying 0 kg embarking at London heading to Berlin
2017-04-06 07:49:34 INFO  ActiveStation - Passenger 44 carrying 0 kg embarking at London heading to Paris
2017-04-06 07:49:34 INFO  ActiveStation - Passenger 45 carrying 0 kg embarking at London heading to Paris
2017-04-06 07:49:34 INFO  Train - Generic European Train is in London Station.
2017-04-06 07:49:34 INFO  Train - Passenger 20 is disembarking at London
2017-04-06 07:49:34 INFO  Train - Passenger 36 is disembarking at London
2017-04-06 07:49:34 INFO  Train - Passenger 38 is disembarking at London
2017-04-06 07:49:34 INFO  Train - Thomas the Tank Engine is awaiting entry Manchester Station..!
2017-04-06 07:49:34 INFO  ActiveStation - Passenger 46 carrying 0 kg embarking at Manchester heading to Glasgow
2017-04-06 07:49:34 INFO  Train - Thomas the Tank Engine is in Manchester Station.
2017-04-06 07:49:34 INFO  Train - Passenger 39 is disembarking at Manchester
2017-04-06 07:49:35 INFO  Train - Vlad the Impalator is awaiting entry Berlin Station..!
2017-04-06 07:49:35 INFO  ActiveStation - Passenger 47 carrying 0 kg embarking at Berlin heading to Amsterdam
2017-04-06 07:49:35 INFO  ActiveStation - Passenger 48 carrying 0 kg embarking at Berlin heading to Paris
2017-04-06 07:49:35 INFO  Train - Vlad the Impalator is in Berlin Station.
2017-04-06 07:49:36 INFO  Train - Generic European Train is ready to depart for London Station!
2017-04-06 07:49:36 INFO  Train - Generic European Train enroute to Paris Station!
2017-04-06 07:49:36 INFO  Train - Thomas the Tank Engine is ready to depart for Manchester Station!
2017-04-06 07:49:37 INFO  Train - Thomas the Tank Engine enroute to London Station!
2017-04-06 07:49:37 INFO  Train - Generic European Train is awaiting entry Paris Station..!
2017-04-06 07:49:37 INFO  ActiveStation - Passenger 49 carrying 0 kg embarking at Paris heading to Amsterdam
2017-04-06 07:49:37 INFO  ActiveStation - Passenger 50 carrying 0 kg embarking at Paris heading to Bucharest
2017-04-06 07:49:37 INFO  ActiveStation - Passenger 51 carrying 0 kg embarking at Paris heading to Berlin
2017-04-06 07:49:37 INFO  ActiveStation - Passenger 52 carrying 0 kg embarking at Paris heading to London
2017-04-06 07:49:37 INFO  Train - Generic European Train is in Paris Station.
2017-04-06 07:49:37 INFO  Train - Passenger 11 is disembarking at Paris
2017-04-06 07:49:37 INFO  Train - Passenger 35 is disembarking at Paris
2017-04-06 07:49:37 INFO  Train - Passenger 44 is disembarking at Paris
2017-04-06 07:49:37 INFO  Train - Passenger 45 is disembarking at Paris
2017-04-06 07:49:37 INFO  Train - Vlad the Impalator is ready to depart for Berlin Station!
2017-04-06 07:49:37 INFO  Train - Vlad the Impalator enroute to Vienna Station!
2017-04-06 07:49:37 INFO  Train - Thomas the Tank Engine is awaiting entry London Station..!
2017-04-06 07:49:37 INFO  ActiveStation - Passenger 53 carrying 0 kg embarking at London heading to Paris
2017-04-06 07:49:37 INFO  ActiveStation - Passenger 54 carrying 0 kg embarking at London heading to Paris
2017-04-06 07:49:37 INFO  ActiveStation - Passenger 55 carrying 0 kg embarking at London heading to Amsterdam
2017-04-06 07:49:38 INFO  Train - Thomas the Tank Engine is in London Station.
2017-04-06 07:49:38 INFO  Train - Passenger 31 is disembarking at London
2017-04-06 07:49:38 INFO  Train - Vlad the Impalator is awaiting entry Vienna Station..!
2017-04-06 07:49:38 INFO  ActiveStation - Passenger 56 carrying 0 kg embarking at Vienna heading to Budapest
2017-04-06 07:49:38 INFO  Train - Vlad the Impalator is in Vienna Station.
2017-04-06 07:49:38 INFO  Train - Passenger 41 is disembarking at Vienna
2017-04-06 07:49:39 INFO  Train - Generic European Train is ready to depart for Paris Station!
2017-04-06 07:49:39 INFO  Train - Generic European Train enroute to London Station!
2017-04-06 07:49:39 INFO  Train - Generic European Train is awaiting entry London Station..!
2017-04-06 07:49:39 INFO  ActiveStation - Passenger 57 carrying 0 kg embarking at London heading to Paris
2017-04-06 07:49:39 INFO  Train - Generic European Train is in London Station.
2017-04-06 07:49:39 INFO  Train - Passenger 52 is disembarking at London
2017-04-06 07:49:40 INFO  Train - Thomas the Tank Engine is ready to depart for London Station!
2017-04-06 07:49:40 INFO  Train - Thomas the Tank Engine enroute to Manchester Station!
2017-04-06 07:49:40 INFO  Train - Vlad the Impalator is ready to depart for Vienna Station!
2017-04-06 07:49:40 INFO  Train - Vlad the Impalator enroute to Budapest Station!
2017-04-06 07:49:41 INFO  Train - Thomas the Tank Engine is awaiting entry Manchester Station..!
2017-04-06 07:49:41 INFO  ActiveStation - Passenger 58 carrying 0 kg embarking at Manchester heading to London
2017-04-06 07:49:41 INFO  Train - Thomas the Tank Engine is in Manchester Station.
2017-04-06 07:49:41 INFO  Train - Vlad the Impalator is awaiting entry Budapest Station..!
2017-04-06 07:49:41 INFO  ActiveStation - Passenger 59 carrying 0 kg embarking at Budapest heading to Berlin
2017-04-06 07:49:41 INFO  ActiveStation - Passenger 60 carrying 0 kg embarking at Budapest heading to Vienna
2017-04-06 07:49:41 INFO  Train - Vlad the Impalator is in Budapest Station.
2017-04-06 07:49:41 INFO  Train - Passenger 24 is disembarking at Budapest
2017-04-06 07:49:41 INFO  Train - Passenger 56 is disembarking at Budapest
2017-04-06 07:49:42 INFO  Train - Generic European Train is ready to depart for London Station!
2017-04-06 07:49:42 INFO  Train - Generic European Train enroute to Amsterdam Station!
2017-04-06 07:49:43 INFO  Train - Thomas the Tank Engine is ready to depart for Manchester Station!
2017-04-06 07:49:43 INFO  Train - Thomas the Tank Engine enroute to Glasgow Station!
2017-04-06 07:49:43 INFO  Train - Generic European Train is awaiting entry Amsterdam Station..!
2017-04-06 07:49:43 INFO  ActiveStation - Passenger 61 carrying 0 kg embarking at Amsterdam heading to Paris
2017-04-06 07:49:43 INFO  ActiveStation - Passenger 62 carrying 0 kg embarking at Amsterdam heading to Berlin
2017-04-06 07:49:43 INFO  Train - Generic European Train is in Amsterdam Station.
2017-04-06 07:49:43 INFO  Train - Passenger 49 is disembarking at Amsterdam
2017-04-06 07:49:43 INFO  Train - Vlad the Impalator is ready to depart for Budapest Station!
2017-04-06 07:49:43 INFO  Train - Vlad the Impalator enroute to Bucharest Station!
2017-04-06 07:49:44 INFO  Train - Thomas the Tank Engine is awaiting entry Glasgow Station..!
2017-04-06 07:49:44 INFO  ActiveStation - Passenger 63 carrying 0 kg embarking at Glasgow heading to Manchester
2017-04-06 07:49:44 INFO  ActiveStation - Passenger 64 carrying 0 kg embarking at Glasgow heading to Manchester
2017-04-06 07:49:44 INFO  ActiveStation - Passenger 65 carrying 45 kg embarking at Glasgow heading to London
2017-04-06 07:49:44 INFO  Train - Thomas the Tank Engine is in Glasgow Station.
2017-04-06 07:49:44 INFO  Train - Passenger 46 is disembarking at Glasgow
2017-04-06 07:49:44 INFO  Train - Vlad the Impalator is awaiting entry Bucharest Station..!
2017-04-06 07:49:44 INFO  ActiveStation - Passenger 66 carrying 0 kg embarking at Bucharest heading to Vienna
2017-04-06 07:49:44 INFO  ActiveStation - Passenger 67 carrying 0 kg embarking at Bucharest heading to Paris
2017-04-06 07:49:44 INFO  Train - Vlad the Impalator is in Bucharest Station.
2017-04-06 07:49:44 INFO  Train - Passenger 12 is disembarking at Bucharest
2017-04-06 07:49:44 INFO  Train - Passenger 13 is disembarking at Bucharest
2017-04-06 07:49:44 INFO  Train - Passenger 15 is disembarking at Bucharest
2017-04-06 07:49:44 INFO  Train - Passenger 34 is disembarking at Bucharest
2017-04-06 07:49:45 INFO  Train - Generic European Train is ready to depart for Amsterdam Station!
2017-04-06 07:49:45 INFO  Train - Generic European Train enroute to Berlin Station!
2017-04-06 07:49:46 INFO  Train - Generic European Train is awaiting entry Berlin Station..!
2017-04-06 07:49:46 INFO  ActiveStation - Passenger 68 carrying 0 kg embarking at Berlin heading to Amsterdam
2017-04-06 07:49:46 INFO  ActiveStation - Passenger 69 carrying 0 kg embarking at Berlin heading to Bucharest
2017-04-06 07:49:46 INFO  ActiveStation - Passenger 70 carrying 0 kg embarking at Berlin heading to Paris
2017-04-06 07:49:46 INFO  Train - Generic European Train is in Berlin Station.
2017-04-06 07:49:46 INFO  Train - Passenger 37 is disembarking at Berlin
2017-04-06 07:49:46 INFO  Train - Passenger 43 is disembarking at Berlin
2017-04-06 07:49:46 INFO  Train - Passenger 51 is disembarking at Berlin
2017-04-06 07:49:46 INFO  Train - Passenger 62 is disembarking at Berlin
2017-04-06 07:49:46 INFO  Train - Thomas the Tank Engine is ready to depart for Glasgow Station!
2017-04-06 07:49:46 INFO  Train - Thomas the Tank Engine enroute to Manchester Station!
2017-04-06 07:49:46 INFO  Train - Vlad the Impalator is ready to depart for Bucharest Station!
2017-04-06 07:49:46 INFO  Train - Vlad the Impalator enroute to Budapest Station!
2017-04-06 07:49:47 INFO  Train - Thomas the Tank Engine is awaiting entry Manchester Station..!
2017-04-06 07:49:47 INFO  ActiveStation - Passenger 71 carrying 0 kg embarking at Manchester heading to London
2017-04-06 07:49:47 INFO  ActiveStation - Passenger 72 carrying 0 kg embarking at Manchester heading to Glasgow
2017-04-06 07:49:47 INFO  ActiveStation - Passenger 73 carrying 0 kg embarking at Manchester heading to London
2017-04-06 07:49:47 INFO  Train - Thomas the Tank Engine is in Manchester Station.
2017-04-06 07:49:47 INFO  Train - Passenger 63 is disembarking at Manchester
2017-04-06 07:49:47 INFO  Train - Passenger 64 is disembarking at Manchester
2017-04-06 07:49:48 INFO  Train - Vlad the Impalator is awaiting entry Budapest Station..!
2017-04-06 07:49:48 INFO  ActiveStation - Passenger 74 carrying 0 kg embarking at Budapest heading to Bucharest
2017-04-06 07:49:48 INFO  ActiveStation - Passenger 75 carrying 0 kg embarking at Budapest heading to Bucharest
2017-04-06 07:49:48 INFO  ActiveStation - Passenger 76 carrying 0 kg embarking at Budapest heading to Bucharest
2017-04-06 07:49:48 INFO  Train - Vlad the Impalator is in Budapest Station.
2017-04-06 07:49:48 INFO  Train - Generic European Train is ready to depart for Berlin Station!
2017-04-06 07:49:48 INFO  Train - Generic European Train enroute to Amsterdam Station!
2017-04-06 07:49:49 INFO  Train - Generic European Train is awaiting entry Amsterdam Station..!
2017-04-06 07:49:49 INFO  ActiveStation - Passenger 77 carrying 0 kg embarking at Amsterdam heading to Paris
2017-04-06 07:49:49 INFO  Train - Generic European Train is in Amsterdam Station.
2017-04-06 07:49:49 INFO  Train - Passenger 68 is disembarking at Amsterdam
2017-04-06 07:49:49 INFO  Train - Thomas the Tank Engine is ready to depart for Manchester Station!
2017-04-06 07:49:49 INFO  Train - Thomas the Tank Engine enroute to London Station!
2017-04-06 07:49:50 INFO  Train - Vlad the Impalator is ready to depart for Budapest Station!
2017-04-06 07:49:50 INFO  Train - Vlad the Impalator enroute to Vienna Station!
2017-04-06 07:49:50 INFO  Train - Thomas the Tank Engine is awaiting entry London Station..!
2017-04-06 07:49:50 INFO  ActiveStation - Passenger 78 carrying 46 kg embarking at London heading to Glasgow
2017-04-06 07:49:50 INFO  ActiveStation - Passenger 79 carrying 26 kg embarking at London heading to Glasgow
2017-04-06 07:49:50 INFO  Train - Thomas the Tank Engine is in London Station.
2017-04-06 07:49:50 INFO  Train - Passenger 58 is disembarking at London
2017-04-06 07:49:50 INFO  Train - Passenger 65 is disembarking at London
2017-04-06 07:49:50 INFO  Train - Passenger 71 is disembarking at London
2017-04-06 07:49:50 INFO  Train - Passenger 73 is disembarking at London
2017-04-06 07:49:51 INFO  Train - Generic European Train is ready to depart for Amsterdam Station!
2017-04-06 07:49:51 INFO  Train - Generic European Train enroute to London Station!
2017-04-06 07:49:51 INFO  Train - Vlad the Impalator is awaiting entry Vienna Station..!
2017-04-06 07:49:51 INFO  ActiveStation - Passenger 80 carrying 0 kg embarking at Vienna heading to Berlin
2017-04-06 07:49:51 INFO  ActiveStation - Passenger 81 carrying 0 kg embarking at Vienna heading to Bucharest
2017-04-06 07:49:51 INFO  ActiveStation - Passenger 82 carrying 0 kg embarking at Vienna heading to Paris
2017-04-06 07:49:51 INFO  Train - Vlad the Impalator is in Vienna Station.
2017-04-06 07:49:51 INFO  Train - Passenger 60 is disembarking at Vienna
2017-04-06 07:49:51 INFO  Train - Passenger 66 is disembarking at Vienna
2017-04-06 07:49:52 INFO  Train - Generic European Train is awaiting entry London Station..!
2017-04-06 07:49:52 INFO  ActiveStation - Passenger 83 carrying 0 kg embarking at London heading to Berlin
2017-04-06 07:49:52 INFO  Train - Generic European Train is in London Station.
2017-04-06 07:49:52 INFO  Train - Thomas the Tank Engine is ready to depart for London Station!
2017-04-06 07:49:52 INFO  Train - Thomas the Tank Engine enroute to Manchester Station!
2017-04-06 07:49:53 INFO  Train - Vlad the Impalator is ready to depart for Vienna Station!
2017-04-06 07:49:53 INFO  Train - Vlad the Impalator enroute to Berlin Station!
2017-04-06 07:49:53 INFO  Train - Thomas the Tank Engine is awaiting entry Manchester Station..!
2017-04-06 07:49:53 INFO  ActiveStation - Passenger 84 carrying 0 kg embarking at Manchester heading to Glasgow
2017-04-06 07:49:53 INFO  Train - Thomas the Tank Engine is in Manchester Station.
2017-04-06 07:49:54 INFO  Train - Vlad the Impalator is awaiting entry Berlin Station..!
2017-04-06 07:49:54 INFO  ActiveStation - Passenger 85 carrying 0 kg embarking at Berlin heading to Vienna
2017-04-06 07:49:54 INFO  ActiveStation - Passenger 86 carrying 0 kg embarking at Berlin heading to London
2017-04-06 07:49:54 INFO  ActiveStation - Passenger 87 carrying 0 kg embarking at Berlin heading to Amsterdam
2017-04-06 07:49:54 INFO  ActiveStation - Passenger 88 carrying 0 kg embarking at Berlin heading to Paris
2017-04-06 07:49:54 INFO  Train - Vlad the Impalator is in Berlin Station.
2017-04-06 07:49:54 INFO  Train - Passenger 59 is disembarking at Berlin
2017-04-06 07:49:54 INFO  Train - Passenger 80 is disembarking at Berlin
2017-04-06 07:49:54 INFO  Train - Generic European Train is ready to depart for London Station!
2017-04-06 07:49:54 INFO  Train - Generic European Train enroute to Paris Station!
2017-04-06 07:49:55 INFO  Train - Generic European Train is awaiting entry Paris Station..!
2017-04-06 07:49:55 INFO  ActiveStation - Passenger 89 carrying 0 kg embarking at Paris heading to Amsterdam
2017-04-06 07:49:55 INFO  ActiveStation - Passenger 90 carrying 0 kg embarking at Paris heading to Vienna
2017-04-06 07:49:55 INFO  ActiveStation - Passenger 91 carrying 0 kg embarking at Paris heading to Vienna
2017-04-06 07:49:55 INFO  Train - Generic European Train is in Paris Station.
2017-04-06 07:49:55 INFO  Train - Passenger 57 is disembarking at Paris
2017-04-06 07:49:55 INFO  Train - Passenger 61 is disembarking at Paris
2017-04-06 07:49:55 INFO  Train - Passenger 70 is disembarking at Paris
2017-04-06 07:49:55 INFO  Train - Passenger 77 is disembarking at Paris
2017-04-06 07:49:55 INFO  Train - Thomas the Tank Engine is ready to depart for Manchester Station!
2017-04-06 07:49:55 INFO  Train - Thomas the Tank Engine enroute to Glasgow Station!
2017-04-06 07:49:56 INFO  Train - Vlad the Impalator is ready to depart for Berlin Station!
2017-04-06 07:49:56 INFO  Train - Vlad the Impalator enroute to Paris Station!
2017-04-06 07:49:57 INFO  Train - Thomas the Tank Engine is awaiting entry Glasgow Station..!
2017-04-06 07:49:57 INFO  ActiveStation - Passenger 92 carrying 24 kg embarking at Glasgow heading to London
2017-04-06 07:49:57 INFO  Train - Thomas the Tank Engine is in Glasgow Station.
2017-04-06 07:49:57 INFO  Train - Passenger 72 is disembarking at Glasgow
2017-04-06 07:49:57 INFO  Train - Passenger 78 is disembarking at Glasgow
2017-04-06 07:49:57 INFO  Train - Passenger 79 is disembarking at Glasgow
2017-04-06 07:49:57 INFO  Train - Passenger 84 is disembarking at Glasgow
2017-04-06 07:49:57 INFO  Train - Generic European Train is ready to depart for Paris Station!
2017-04-06 07:49:57 INFO  Train - Generic European Train enroute to London Station!
2017-04-06 07:49:57 INFO  Train - Vlad the Impalator is awaiting entry Paris Station..!
2017-04-06 07:49:57 INFO  ActiveStation - Passenger 93 carrying 0 kg embarking at Paris heading to Berlin
2017-04-06 07:49:57 INFO  ActiveStation - Passenger 94 carrying 0 kg embarking at Paris heading to London
2017-04-06 07:49:57 INFO  Train - Vlad the Impalator is in Paris Station.
2017-04-06 07:49:57 INFO  Train - Passenger 48 is disembarking at Paris
2017-04-06 07:49:57 INFO  Train - Passenger 67 is disembarking at Paris
2017-04-06 07:49:57 INFO  Train - Passenger 82 is disembarking at Paris
2017-04-06 07:49:57 INFO  Train - Passenger 88 is disembarking at Paris
2017-04-06 07:49:58 INFO  Train - Generic European Train is awaiting entry London Station..!
2017-04-06 07:49:58 INFO  ActiveStation - Passenger 95 carrying 0 kg embarking at London heading to Manchester
2017-04-06 07:49:58 INFO  Train - Generic European Train is in London Station.
2017-04-06 07:49:59 INFO  Train - Thomas the Tank Engine is ready to depart for Glasgow Station!
2017-04-06 07:49:59 INFO  Train - Thomas the Tank Engine enroute to Manchester Station!
2017-04-06 07:49:59 INFO  Train - Vlad the Impalator is ready to depart for Paris Station!
2017-04-06 07:49:59 INFO  Train - Vlad the Impalator enroute to Berlin Station!
2017-04-06 07:50:00 INFO  Train - Generic European Train is ready to depart for London Station!
2017-04-06 07:50:00 INFO  Train - Generic European Train enroute to Amsterdam Station!
2017-04-06 07:50:00 INFO  Train - Thomas the Tank Engine is awaiting entry Manchester Station..!
2017-04-06 07:50:00 INFO  ActiveStation - Passenger 96 carrying 0 kg embarking at Manchester heading to Glasgow
2017-04-06 07:50:00 INFO  ActiveStation - Passenger 97 carrying 0 kg embarking at Manchester heading to London
2017-04-06 07:50:00 INFO  ActiveStation - Passenger 98 carrying 0 kg embarking at Manchester heading to Glasgow
2017-04-06 07:50:00 INFO  ActiveStation - Passenger 99 carrying 0 kg embarking at Manchester heading to London
2017-04-06 07:50:00 INFO  Train - Thomas the Tank Engine is in Manchester Station.
2017-04-06 07:50:00 INFO  Train - Vlad the Impalator is awaiting entry Berlin Station..!
2017-04-06 07:50:00 INFO  ActiveStation - Passenger 100 carrying 0 kg embarking at Berlin heading to Amsterdam
2017-04-06 07:50:00 INFO  ActiveStation - Passenger 101 carrying 0 kg embarking at Berlin heading to Amsterdam
2017-04-06 07:50:00 INFO  Train - Vlad the Impalator is in Berlin Station.
2017-04-06 07:50:00 INFO  Train - Passenger 93 is disembarking at Berlin
2017-04-06 07:50:01 INFO  Train - Generic European Train is awaiting entry Amsterdam Station..!
2017-04-06 07:50:01 INFO  ActiveStation - Passenger 102 carrying 0 kg embarking at Amsterdam heading to Paris
2017-04-06 07:50:01 INFO  ActiveStation - Passenger 103 carrying 0 kg embarking at Amsterdam heading to London
2017-04-06 07:50:01 INFO  Train - Generic European Train is in Amsterdam Station.
2017-04-06 07:50:01 INFO  Train - Passenger 89 is disembarking at Amsterdam
2017-04-06 07:50:02 INFO  Train - Thomas the Tank Engine is ready to depart for Manchester Station!
2017-04-06 07:50:02 INFO  Train - Thomas the Tank Engine enroute to London Station!
2017-04-06 07:50:02 INFO  Train - Vlad the Impalator is ready to depart for Berlin Station!
2017-04-06 07:50:02 INFO  Train - Vlad the Impalator enroute to Vienna Station!
2017-04-06 07:50:03 INFO  Train - Thomas the Tank Engine is awaiting entry London Station..!
2017-04-06 07:50:03 INFO  ActiveStation - Passenger 104 carrying 0 kg embarking at London heading to Amsterdam
2017-04-06 07:50:03 INFO  ActiveStation - Passenger 105 carrying 0 kg embarking at London heading to Manchester
2017-04-06 07:50:03 INFO  ActiveStation - Passenger 106 carrying 25 kg embarking at London heading to Glasgow
2017-04-06 07:50:03 INFO  Train - Generic European Train is ready to depart for Amsterdam Station!
2017-04-06 07:50:03 INFO  Train - Thomas the Tank Engine is in London Station.
2017-04-06 07:50:03 INFO  Train - Passenger 92 is disembarking at London
2017-04-06 07:50:03 INFO  Train - Passenger 97 is disembarking at London
2017-04-06 07:50:03 INFO  Train - Passenger 99 is disembarking at London
2017-04-06 07:50:03 INFO  Train - Generic European Train enroute to Berlin Station!
2017-04-06 07:50:03 INFO  Train - Vlad the Impalator is awaiting entry Vienna Station..!
2017-04-06 07:50:03 INFO  ActiveStation - Passenger 107 carrying 0 kg embarking at Vienna heading to Bucharest
2017-04-06 07:50:03 INFO  ActiveStation - Passenger 108 carrying 0 kg embarking at Vienna heading to Berlin
2017-04-06 07:50:03 INFO  ActiveStation - Passenger 109 carrying 0 kg embarking at Vienna heading to Berlin
2017-04-06 07:50:03 INFO  Train - Vlad the Impalator is in Vienna Station.
2017-04-06 07:50:03 INFO  Train - Passenger 85 is disembarking at Vienna
2017-04-06 07:50:04 INFO  Train - Generic European Train is awaiting entry Berlin Station..!
2017-04-06 07:50:04 INFO  ActiveStation - Passenger 110 carrying 0 kg embarking at Berlin heading to Paris
2017-04-06 07:50:04 INFO  Train - Generic European Train is in Berlin Station.
2017-04-06 07:50:04 INFO  Train - Passenger 83 is disembarking at Berlin
2017-04-06 07:50:05 INFO  Train - Thomas the Tank Engine is ready to depart for London Station!
2017-04-06 07:50:05 INFO  Train - Thomas the Tank Engine enroute to Manchester Station!
2017-04-06 07:50:05 INFO  Train - Vlad the Impalator is ready to depart for Vienna Station!
2017-04-06 07:50:06 INFO  Train - Vlad the Impalator enroute to Budapest Station!
2017-04-06 07:50:06 INFO  Train - Generic European Train is ready to depart for Berlin Station!
2017-04-06 07:50:06 INFO  Train - Generic European Train enroute to Amsterdam Station!
2017-04-06 07:50:06 INFO  Train - Thomas the Tank Engine is awaiting entry Manchester Station..!
2017-04-06 07:50:06 INFO  ActiveStation - Passenger 111 carrying 0 kg embarking at Manchester heading to Glasgow
2017-04-06 07:50:06 INFO  ActiveStation - Passenger 112 carrying 0 kg embarking at Manchester heading to London
2017-04-06 07:50:06 INFO  ActiveStation - Passenger 113 carrying 0 kg embarking at Manchester heading to Glasgow
2017-04-06 07:50:06 INFO  ActiveStation - Passenger 114 carrying 0 kg embarking at Manchester heading to Glasgow
2017-04-06 07:50:06 INFO  Train - Thomas the Tank Engine is in Manchester Station.
2017-04-06 07:50:06 INFO  Train - Passenger 105 is disembarking at Manchester
2017-04-06 07:50:07 INFO  Train - Generic European Train is awaiting entry Amsterdam Station..!
2017-04-06 07:50:07 INFO  ActiveStation - Passenger 115 carrying 0 kg embarking at Amsterdam heading to Berlin
2017-04-06 07:50:07 INFO  ActiveStation - Passenger 116 carrying 0 kg embarking at Amsterdam heading to Berlin
2017-04-06 07:50:07 INFO  ActiveStation - Passenger 117 carrying 0 kg embarking at Amsterdam heading to Berlin
2017-04-06 07:50:07 INFO  ActiveStation - Passenger 118 carrying 0 kg embarking at Amsterdam heading to Berlin
2017-04-06 07:50:07 INFO  Train - Generic European Train is in Amsterdam Station.
2017-04-06 07:50:07 INFO  Train - Vlad the Impalator is awaiting entry Budapest Station..!
2017-04-06 07:50:07 INFO  ActiveStation - Passenger 119 carrying 0 kg embarking at Budapest heading to Bucharest
2017-04-06 07:50:07 INFO  ActiveStation - Passenger 120 carrying 0 kg embarking at Budapest heading to Paris
2017-04-06 07:50:07 INFO  ActiveStation - Passenger 121 carrying 0 kg embarking at Budapest heading to Bucharest
2017-04-06 07:50:07 INFO  ActiveStation - Passenger 122 carrying 0 kg embarking at Budapest heading to Bucharest
2017-04-06 07:50:07 INFO  Train - Vlad the Impalator is in Budapest Station.
2017-04-06 07:50:08 INFO  Train - Thomas the Tank Engine is ready to depart for Manchester Station!
2017-04-06 07:50:08 INFO  Train - Thomas the Tank Engine enroute to Glasgow Station!
2017-04-06 07:50:09 INFO  Train - Generic European Train is ready to depart for Amsterdam Station!
2017-04-06 07:50:09 INFO  Train - Generic European Train enroute to London Station!
2017-04-06 07:50:09 INFO  Train - Vlad the Impalator is ready to depart for Budapest Station!
2017-04-06 07:50:09 INFO  Train - Vlad the Impalator enroute to Bucharest Station!
2017-04-06 07:50:09 INFO  Train - Thomas the Tank Engine is awaiting entry Glasgow Station..!
2017-04-06 07:50:09 INFO  ActiveStation - Passenger 123 carrying 47 kg embarking at Glasgow heading to London
2017-04-06 07:50:09 INFO  ActiveStation - Passenger 124 carrying 0 kg embarking at Glasgow heading to Manchester
2017-04-06 07:50:09 INFO  Train - Thomas the Tank Engine is in Glasgow Station.
2017-04-06 07:50:09 INFO  Train - Passenger 96 is disembarking at Glasgow
2017-04-06 07:50:09 INFO  Train - Passenger 98 is disembarking at Glasgow
2017-04-06 07:50:09 INFO  Train - Passenger 106 is disembarking at Glasgow
2017-04-06 07:50:09 INFO  Train - Passenger 111 is disembarking at Glasgow
2017-04-06 07:50:09 INFO  Train - Passenger 113 is disembarking at Glasgow
2017-04-06 07:50:09 INFO  Train - Passenger 114 is disembarking at Glasgow
2017-04-06 07:50:10 INFO  Train - Generic European Train is awaiting entry London Station..!
2017-04-06 07:50:10 INFO  ActiveStation - Passenger 125 carrying 0 kg embarking at London heading to Paris
2017-04-06 07:50:10 INFO  ActiveStation - Passenger 126 carrying 0 kg embarking at London heading to Paris
2017-04-06 07:50:10 INFO  Train - Generic European Train is in London Station.
2017-04-06 07:50:10 INFO  Train - Passenger 103 is disembarking at London
2017-04-06 07:50:10 INFO  Train - Vlad the Impalator is awaiting entry Bucharest Station..!
2017-04-06 07:50:10 INFO  ActiveStation - Passenger 127 carrying 0 kg embarking at Bucharest heading to Vienna
2017-04-06 07:50:10 INFO  ActiveStation - Passenger 128 carrying 0 kg embarking at Bucharest heading to Berlin
2017-04-06 07:50:10 INFO  ActiveStation - Passenger 129 carrying 0 kg embarking at Bucharest heading to Paris
2017-04-06 07:50:10 INFO  Train - Vlad the Impalator is in Bucharest Station.
2017-04-06 07:50:10 INFO  Train - Passenger 74 is disembarking at Bucharest
2017-04-06 07:50:10 INFO  Train - Passenger 75 is disembarking at Bucharest
2017-04-06 07:50:10 INFO  Train - Passenger 76 is disembarking at Bucharest
2017-04-06 07:50:10 INFO  Train - Passenger 81 is disembarking at Bucharest
2017-04-06 07:50:10 INFO  Train - Passenger 107 is disembarking at Bucharest
2017-04-06 07:50:10 INFO  Train - Passenger 119 is disembarking at Bucharest
2017-04-06 07:50:10 INFO  Train - Passenger 121 is disembarking at Bucharest
2017-04-06 07:50:10 INFO  Train - Passenger 122 is disembarking at Bucharest
2017-04-06 07:50:11 INFO  Train - Thomas the Tank Engine is ready to depart for Glasgow Station!
2017-04-06 07:50:11 INFO  Train - Thomas the Tank Engine enroute to Manchester Station!
2017-04-06 07:50:12 INFO  Train - Generic European Train is ready to depart for London Station!
2017-04-06 07:50:12 INFO  Train - Generic European Train enroute to Paris Station!
2017-04-06 07:50:12 INFO  Train - Vlad the Impalator is ready to depart for Bucharest Station!
2017-04-06 07:50:12 INFO  Train - Vlad the Impalator enroute to Budapest Station!
2017-04-06 07:50:13 INFO  Train - Thomas the Tank Engine is awaiting entry Manchester Station..!
2017-04-06 07:50:13 INFO  ActiveStation - Passenger 130 carrying 0 kg embarking at Manchester heading to London
2017-04-06 07:50:13 INFO  ActiveStation - Passenger 131 carrying 0 kg embarking at Manchester heading to Glasgow
2017-04-06 07:50:13 INFO  ActiveStation - Passenger 132 carrying 0 kg embarking at Manchester heading to Glasgow
2017-04-06 07:50:13 INFO  Train - Thomas the Tank Engine is in Manchester Station.
2017-04-06 07:50:13 INFO  Train - Passenger 124 is disembarking at Manchester
2017-04-06 07:50:13 INFO  Train - Generic European Train is awaiting entry Paris Station..!
2017-04-06 07:50:13 INFO  ActiveStation - Passenger 133 carrying 0 kg embarking at Paris heading to Bucharest
2017-04-06 07:50:13 INFO  ActiveStation - Passenger 134 carrying 0 kg embarking at Paris heading to Berlin
2017-04-06 07:50:13 INFO  ActiveStation - Passenger 135 carrying 0 kg embarking at Paris heading to Budapest
2017-04-06 07:50:13 INFO  Train - Generic European Train is in Paris Station.
2017-04-06 07:50:13 INFO  Train - Passenger 102 is disembarking at Paris
2017-04-06 07:50:13 INFO  Train - Passenger 110 is disembarking at Paris
2017-04-06 07:50:13 INFO  Train - Passenger 125 is disembarking at Paris
2017-04-06 07:50:13 INFO  Train - Passenger 126 is disembarking at Paris
2017-04-06 07:50:13 INFO  Train - Vlad the Impalator is awaiting entry Budapest Station..!
2017-04-06 07:50:13 INFO  ActiveStation - Passenger 136 carrying 0 kg embarking at Budapest heading to Bucharest
2017-04-06 07:50:13 INFO  ActiveStation - Passenger 137 carrying 0 kg embarking at Budapest heading to Vienna
2017-04-06 07:50:13 INFO  ActiveStation - Passenger 138 carrying 0 kg embarking at Budapest heading to Paris
2017-04-06 07:50:13 INFO  ActiveStation - Passenger 139 carrying 0 kg embarking at Budapest heading to Bucharest
2017-04-06 07:50:13 INFO  Train - Vlad the Impalator is in Budapest Station.
2017-04-06 07:50:15 INFO  Train - Thomas the Tank Engine is ready to depart for Manchester Station!
2017-04-06 07:50:15 INFO  Train - Thomas the Tank Engine enroute to London Station!
2017-04-06 07:50:15 INFO  Train - Generic European Train is ready to depart for Paris Station!
2017-04-06 07:50:15 INFO  Train - Generic European Train enroute to London Station!
2017-04-06 07:50:15 INFO  Train - Vlad the Impalator is ready to depart for Budapest Station!
2017-04-06 07:50:15 INFO  Train - Vlad the Impalator enroute to Vienna Station!
2017-04-06 07:50:16 INFO  Train - Thomas the Tank Engine is awaiting entry London Station..!
2017-04-06 07:50:16 INFO  ActiveStation - Passenger 140 carrying 0 kg embarking at London heading to Manchester
2017-04-06 07:50:16 INFO  ActiveStation - Passenger 141 carrying 0 kg embarking at London heading to Manchester
2017-04-06 07:50:16 INFO  ActiveStation - Passenger 142 carrying 0 kg embarking at London heading to Manchester
2017-04-06 07:50:16 INFO  Train - Thomas the Tank Engine is in London Station.
2017-04-06 07:50:16 INFO  Train - Passenger 112 is disembarking at London
2017-04-06 07:50:16 INFO  Train - Passenger 123 is disembarking at London
2017-04-06 07:50:16 INFO  Train - Passenger 130 is disembarking at London
2017-04-06 07:50:16 INFO  Train - Generic European Train is awaiting entry London Station..!
2017-04-06 07:50:16 INFO  ActiveStation - Passenger 143 carrying 0 kg embarking at London heading to Amsterdam
2017-04-06 07:50:16 INFO  Train - Generic European Train is in London Station.
2017-04-06 07:50:17 INFO  Train - Vlad the Impalator is awaiting entry Vienna Station..!
2017-04-06 07:50:17 INFO  ActiveStation - Passenger 144 carrying 0 kg embarking at Vienna heading to Budapest
2017-04-06 07:50:17 INFO  ActiveStation - Passenger 145 carrying 0 kg embarking at Vienna heading to Paris
2017-04-06 07:50:17 INFO  ActiveStation - Passenger 146 carrying 0 kg embarking at Vienna heading to Paris
2017-04-06 07:50:17 INFO  ActiveStation - Passenger 147 carrying 0 kg embarking at Vienna heading to Bucharest
2017-04-06 07:50:17 INFO  Train - Vlad the Impalator is in Vienna Station.
2017-04-06 07:50:17 INFO  Train - Passenger 127 is disembarking at Vienna
2017-04-06 07:50:17 INFO  Train - Passenger 137 is disembarking at Vienna
